#! /usr/bin/vvp
:ivl_version "11.0 (stable)";
:ivl_delay_selection "TYPICAL";
:vpi_time_precision + 0;
:vpi_module "/usr/lib/x86_64-linux-gnu/ivl/system.vpi";
:vpi_module "/usr/lib/x86_64-linux-gnu/ivl/vhdl_sys.vpi";
:vpi_module "/usr/lib/x86_64-linux-gnu/ivl/vhdl_textio.vpi";
:vpi_module "/usr/lib/x86_64-linux-gnu/ivl/v2005_math.vpi";
:vpi_module "/usr/lib/x86_64-linux-gnu/ivl/va_math.vpi";
S_0x558443daa1a0 .scope module, "alutest" "alutest" 2 1;
 .timescale 0 0;
v0x558443dc9830_0 .var "A", 7 0;
v0x558443dc9910_0 .var "B", 7 0;
v0x558443dc99e0_0 .var "C", 3 0;
v0x558443dc9ab0_0 .var "CC", 3 0;
v0x558443dc9b90_0 .var "CTR", 3 0;
v0x558443dc9ca0_0 .var "INA", 7 0;
v0x558443dc9d60_0 .var "INB", 7 0;
v0x558443dc9e40_0 .var "O", 7 0;
v0x558443dc9f20_0 .net "O0", 7 0, v0x558443dc95f0_0;  1 drivers
v0x558443dca010_0 .var "OUT", 7 0;
v0x558443dca0d0_0 .var "ck", 0 0;
E_0x558443da6bd0 .event edge, v0x558443dc9d60_0, v0x558443dc9ca0_0, v0x558443dc99e0_0;
E_0x558443da5ed0 .event negedge, v0x558443dc96d0_0;
S_0x558443daa350 .scope module, "ALU" "alu" 2 15, 3 1 0, S_0x558443daa1a0;
 .timescale 0 0;
    .port_info 0 /INPUT 8 "A";
    .port_info 1 /INPUT 8 "B";
    .port_info 2 /OUTPUT 8 "O";
    .port_info 3 /INPUT 4 "CTR";
    .port_info 4 /INPUT 1 "ck";
v0x558443d6e7b0_0 .net "A", 7 0, v0x558443dc9830_0;  1 drivers
v0x558443d98b10_0 .net "B", 7 0, v0x558443dc9910_0;  1 drivers
v0x558443dc9240_0 .var "C", 3 0;
v0x558443dc9300_0 .net "CTR", 3 0, v0x558443dc9b90_0;  1 drivers
v0x558443dc93e0_0 .var "INA", 7 0;
v0x558443dc9510_0 .var "INB", 7 0;
v0x558443dc95f0_0 .var "O", 7 0;
v0x558443dc96d0_0 .net "ck", 0 0, v0x558443dca0d0_0;  1 drivers
E_0x558443d909b0 .event posedge, v0x558443dc96d0_0;
    .scope S_0x558443daa350;
T_0 ;
    %wait E_0x558443d909b0;
    %load/vec4 v0x558443dc9300_0;
    %assign/vec4 v0x558443dc9240_0, 0;
    %load/vec4 v0x558443d6e7b0_0;
    %assign/vec4 v0x558443dc93e0_0, 0;
    %load/vec4 v0x558443d98b10_0;
    %assign/vec4 v0x558443dc9510_0, 0;
    %pushi/vec4 0, 0, 8;
    %assign/vec4 v0x558443dc95f0_0, 0;
    %load/vec4 v0x558443dc9240_0;
    %dup/vec4;
    %pushi/vec4 0, 0, 4;
    %cmp/u;
    %jmp/1 T_0.0, 6;
    %dup/vec4;
    %pushi/vec4 1, 0, 4;
    %cmp/u;
    %jmp/1 T_0.1, 6;
    %dup/vec4;
    %pushi/vec4 8, 0, 4;
    %cmp/u;
    %jmp/1 T_0.2, 6;
    %dup/vec4;
    %pushi/vec4 9, 0, 4;
    %cmp/u;
    %jmp/1 T_0.3, 6;
    %dup/vec4;
    %pushi/vec4 10, 0, 4;
    %cmp/u;
    %jmp/1 T_0.4, 6;
    %dup/vec4;
    %pushi/vec4 11, 0, 4;
    %cmp/u;
    %jmp/1 T_0.5, 6;
    %dup/vec4;
    %pushi/vec4 12, 0, 4;
    %cmp/u;
    %jmp/1 T_0.6, 6;
    %dup/vec4;
    %pushi/vec4 13, 0, 4;
    %cmp/u;
    %jmp/1 T_0.7, 6;
    %dup/vec4;
    %pushi/vec4 14, 0, 4;
    %cmp/u;
    %jmp/1 T_0.8, 6;
    %dup/vec4;
    %pushi/vec4 15, 0, 4;
    %cmp/u;
    %jmp/1 T_0.9, 6;
    %jmp T_0.10;
T_0.0 ;
    %load/vec4 v0x558443dc93e0_0;
    %load/vec4 v0x558443dc9510_0;
    %add;
    %assign/vec4 v0x558443dc95f0_0, 0;
    %jmp T_0.10;
T_0.1 ;
    %load/vec4 v0x558443dc93e0_0;
    %load/vec4 v0x558443dc9510_0;
    %sub;
    %assign/vec4 v0x558443dc95f0_0, 0;
    %jmp T_0.10;
T_0.2 ;
    %load/vec4 v0x558443dc93e0_0;
    %load/vec4 v0x558443dc9510_0;
    %and;
    %assign/vec4 v0x558443dc95f0_0, 0;
    %jmp T_0.10;
T_0.3 ;
    %load/vec4 v0x558443dc93e0_0;
    %load/vec4 v0x558443dc9510_0;
    %or;
    %assign/vec4 v0x558443dc95f0_0, 0;
    %jmp T_0.10;
T_0.4 ;
    %load/vec4 v0x558443dc93e0_0;
    %load/vec4 v0x558443dc9510_0;
    %xor;
    %assign/vec4 v0x558443dc95f0_0, 0;
    %jmp T_0.10;
T_0.5 ;
    %load/vec4 v0x558443dc93e0_0;
    %inv;
    %assign/vec4 v0x558443dc95f0_0, 0;
    %jmp T_0.10;
T_0.6 ;
    %load/vec4 v0x558443dc93e0_0;
    %ix/load 4, 1, 0;
    %flag_set/imm 4, 0;
    %shiftr 4;
    %assign/vec4 v0x558443dc95f0_0, 0;
    %jmp T_0.10;
T_0.7 ;
    %load/vec4 v0x558443dc93e0_0;
    %ix/load 4, 1, 0;
    %flag_set/imm 4, 0;
    %shiftl 4;
    %assign/vec4 v0x558443dc95f0_0, 0;
    %jmp T_0.10;
T_0.8 ;
    %load/vec4 v0x558443dc93e0_0;
    %parti/s 1, 0, 2;
    %load/vec4 v0x558443dc93e0_0;
    %parti/s 7, 1, 2;
    %concat/vec4; draw_concat_vec4
    %assign/vec4 v0x558443dc95f0_0, 0;
    %jmp T_0.10;
T_0.9 ;
    %load/vec4 v0x558443dc93e0_0;
    %parti/s 7, 0, 2;
    %load/vec4 v0x558443dc93e0_0;
    %parti/s 1, 7, 4;
    %concat/vec4; draw_concat_vec4
    %assign/vec4 v0x558443dc95f0_0, 0;
    %jmp T_0.10;
T_0.10 ;
    %pop/vec4 1;
    %jmp T_0;
    .thread T_0;
    .scope S_0x558443daa1a0;
T_1 ;
    %pushi/vec4 0, 0, 1;
    %store/vec4 v0x558443dca0d0_0, 0, 1;
    %vpi_call 2 8 "$dumpfile", "alu.vcd" {0 0 0};
    %vpi_call 2 9 "$dumpvars" {0 0 0};
    %delay 1000, 0;
    %vpi_call 2 12 "$display", "OK\012" {0 0 0};
    %vpi_call 2 13 "$finish" {0 0 0};
    %end;
    .thread T_1;
    .scope S_0x558443daa1a0;
T_2 ;
    %delay 10, 0;
    %load/vec4 v0x558443dca0d0_0;
    %inv;
    %store/vec4 v0x558443dca0d0_0, 0, 1;
    %jmp T_2;
    .thread T_2;
    .scope S_0x558443daa1a0;
T_3 ;
    %wait E_0x558443da5ed0;
    %vpi_func 2 18 "$random" 32 {0 0 0};
    %pad/s 8;
    %store/vec4 v0x558443dc9830_0, 0, 8;
    %vpi_func 2 19 "$random" 32 {0 0 0};
    %pad/s 8;
    %store/vec4 v0x558443dc9910_0, 0, 8;
    %vpi_func 2 20 "$random" 32 {0 0 0};
    %pad/s 4;
    %store/vec4 v0x558443dc9b90_0, 0, 4;
    %jmp T_3;
    .thread T_3;
    .scope S_0x558443daa1a0;
T_4 ;
    %wait E_0x558443da5ed0;
    %load/vec4 v0x558443dc9e40_0;
    %load/vec4 v0x558443dc9f20_0;
    %cmp/e;
    %flag_get/vec4 4;
    %load/vec4 v0x558443dc9ab0_0;
    %pad/u 32;
    %pushi/vec4 2, 0, 32;
    %cmp/e;
    %flag_get/vec4 4;
    %load/vec4 v0x558443dc9ab0_0;
    %pad/u 32;
    %pushi/vec4 3, 0, 32;
    %cmp/e;
    %flag_get/vec4 4;
    %or;
    %load/vec4 v0x558443dc9ab0_0;
    %pad/u 32;
    %pushi/vec4 4, 0, 32;
    %cmp/e;
    %flag_get/vec4 4;
    %or;
    %load/vec4 v0x558443dc9ab0_0;
    %pad/u 32;
    %pushi/vec4 5, 0, 32;
    %cmp/e;
    %flag_get/vec4 4;
    %or;
    %load/vec4 v0x558443dc9ab0_0;
    %pad/u 32;
    %pushi/vec4 6, 0, 32;
    %cmp/e;
    %flag_get/vec4 4;
    %or;
    %load/vec4 v0x558443dc9ab0_0;
    %pad/u 32;
    %pushi/vec4 7, 0, 32;
    %cmp/e;
    %flag_get/vec4 4;
    %or;
    %load/vec4 v0x558443dc9f20_0;
    %pushi/vec4 0, 0, 8;
    %cmp/e;
    %flag_get/vec4 4;
    %and;
    %or;
    %nor/r;
    %flag_set/vec4 8;
    %jmp/0xz  T_4.0, 8;
    %vpi_call 2 27 "$finish" {0 0 0};
T_4.0 ;
    %jmp T_4;
    .thread T_4;
    .scope S_0x558443daa1a0;
T_5 ;
    %wait E_0x558443d909b0;
    %load/vec4 v0x558443dc9b90_0;
    %assign/vec4 v0x558443dc99e0_0, 0;
    %load/vec4 v0x558443dc99e0_0;
    %assign/vec4 v0x558443dc9ab0_0, 0;
    %load/vec4 v0x558443dc9830_0;
    %assign/vec4 v0x558443dc9ca0_0, 0;
    %load/vec4 v0x558443dc9910_0;
    %assign/vec4 v0x558443dc9d60_0, 0;
    %load/vec4 v0x558443dca010_0;
    %assign/vec4 v0x558443dc9e40_0, 0;
    %jmp T_5;
    .thread T_5;
    .scope S_0x558443daa1a0;
T_6 ;
    %wait E_0x558443da6bd0;
    %load/vec4 v0x558443dc99e0_0;
    %dup/vec4;
    %pushi/vec4 0, 0, 4;
    %cmp/u;
    %jmp/1 T_6.0, 6;
    %dup/vec4;
    %pushi/vec4 1, 0, 4;
    %cmp/u;
    %jmp/1 T_6.1, 6;
    %dup/vec4;
    %pushi/vec4 8, 0, 4;
    %cmp/u;
    %jmp/1 T_6.2, 6;
    %dup/vec4;
    %pushi/vec4 9, 0, 4;
    %cmp/u;
    %jmp/1 T_6.3, 6;
    %dup/vec4;
    %pushi/vec4 10, 0, 4;
    %cmp/u;
    %jmp/1 T_6.4, 6;
    %dup/vec4;
    %pushi/vec4 11, 0, 4;
    %cmp/u;
    %jmp/1 T_6.5, 6;
    %dup/vec4;
    %pushi/vec4 12, 0, 4;
    %cmp/u;
    %jmp/1 T_6.6, 6;
    %dup/vec4;
    %pushi/vec4 13, 0, 4;
    %cmp/u;
    %jmp/1 T_6.7, 6;
    %dup/vec4;
    %pushi/vec4 14, 0, 4;
    %cmp/u;
    %jmp/1 T_6.8, 6;
    %dup/vec4;
    %pushi/vec4 15, 0, 4;
    %cmp/u;
    %jmp/1 T_6.9, 6;
    %jmp T_6.10;
T_6.0 ;
    %load/vec4 v0x558443dc9ca0_0;
    %load/vec4 v0x558443dc9d60_0;
    %add;
    %assign/vec4 v0x558443dca010_0, 0;
    %jmp T_6.10;
T_6.1 ;
    %load/vec4 v0x558443dc9ca0_0;
    %load/vec4 v0x558443dc9d60_0;
    %sub;
    %assign/vec4 v0x558443dca010_0, 0;
    %jmp T_6.10;
T_6.2 ;
    %load/vec4 v0x558443dc9ca0_0;
    %load/vec4 v0x558443dc9d60_0;
    %and;
    %assign/vec4 v0x558443dca010_0, 0;
    %jmp T_6.10;
T_6.3 ;
    %load/vec4 v0x558443dc9ca0_0;
    %load/vec4 v0x558443dc9d60_0;
    %or;
    %assign/vec4 v0x558443dca010_0, 0;
    %jmp T_6.10;
T_6.4 ;
    %load/vec4 v0x558443dc9ca0_0;
    %load/vec4 v0x558443dc9d60_0;
    %xor;
    %assign/vec4 v0x558443dca010_0, 0;
    %jmp T_6.10;
T_6.5 ;
    %load/vec4 v0x558443dc9ca0_0;
    %inv;
    %assign/vec4 v0x558443dca010_0, 0;
    %jmp T_6.10;
T_6.6 ;
    %load/vec4 v0x558443dc9ca0_0;
    %ix/load 4, 1, 0;
    %flag_set/imm 4, 0;
    %shiftr 4;
    %assign/vec4 v0x558443dca010_0, 0;
    %jmp T_6.10;
T_6.7 ;
    %load/vec4 v0x558443dc9ca0_0;
    %ix/load 4, 1, 0;
    %flag_set/imm 4, 0;
    %shiftl 4;
    %assign/vec4 v0x558443dca010_0, 0;
    %jmp T_6.10;
T_6.8 ;
    %load/vec4 v0x558443dc9ca0_0;
    %parti/s 1, 0, 2;
    %load/vec4 v0x558443dc9ca0_0;
    %parti/s 7, 1, 2;
    %concat/vec4; draw_concat_vec4
    %assign/vec4 v0x558443dca010_0, 0;
    %jmp T_6.10;
T_6.9 ;
    %load/vec4 v0x558443dc9ca0_0;
    %parti/s 7, 0, 2;
    %load/vec4 v0x558443dc9ca0_0;
    %parti/s 1, 7, 4;
    %concat/vec4; draw_concat_vec4
    %assign/vec4 v0x558443dca010_0, 0;
    %jmp T_6.10;
T_6.10 ;
    %pop/vec4 1;
    %jmp T_6;
    .thread T_6, $push;
# The file index is used to find the file name in the following table.
:file_names 4;
    "N/A";
    "<interactive>";
    "alutest2.v";
    "alu.v";
